<?xml version="1.0" encoding="UTF-8"?>
<!-- Generated by org.testng.reporters.JUnitReportReporter -->
<testsuite hostname="Aapna-Lap-212" failures="0" tests="1" name="aryansacademy.tests.ErrorValidations" time="0.614" errors="0" timestamp="18 Apr 2025 07:15:50 GMT" skipped="0">
  <testcase classname="aryansacademy.tests.ErrorValidations" name="submitOrder" time="0.614"/>
</testsuite> <!-- aryansacademy.tests.ErrorValidations -->
