<?xml version="1.0" encoding="UTF-8"?>
<!-- Generated by org.testng.reporters.JUnitReportReporter -->
<testsuite hostname="Aapna-Lap-212" failures="0" tests="1" name="aryansacademy.tests.SubmitOrderTest" time="4.577" errors="0" timestamp="18 Apr 2025 10:24:07 GMT" skipped="0">
  <testcase classname="aryansacademy.tests.SubmitOrderTest" name="submitOrder" time="4.577"/>
</testsuite> <!-- aryansacademy.tests.SubmitOrderTest -->
