<?xml version="1.0" encoding="UTF-8"?>
<!-- Generated by org.testng.reporters.JUnitReportReporter -->
<testsuite hostname="Aapna-Lap-212" failures="0" tests="2" name="aryansacademy.tests.ErrorValidationsTest" time="4.215" errors="0" timestamp="18 Apr 2025 10:24:07 GMT" skipped="0">
  <testcase classname="aryansacademy.tests.ErrorValidationsTest" name="LoginErrorValidation" time="0.555"/>
  <testcase classname="aryansacademy.tests.ErrorValidationsTest" name="ProductErrorValidation" time="3.660"/>
</testsuite> <!-- aryansacademy.tests.ErrorValidationsTest -->
